{"level":"error","message":"{ method: 'save(obj)', 'ValidationError: img: Path `img` is required.' }"}
{"level":"error","message":"{ method: 'save(obj)', 'ValidationError: img: Path `img` is required.' }"}
{"level":"error","message":"{ method: 'save(obj)', 'ValidationError: img: Path `img` is required.' }"}
{"level":"error","message":"{ method: 'save(obj)', 'ValidationError: userImg: Path `userImg` is required.' }"}
{"level":"error","message":"{ method: 'save(obj)', 'ValidationError: userImg: Path `userImg` is required.' }"}
{"level":"error","message":"{ method: 'save(obj)', 'ValidationError: userImg: Path `userImg` is required.' }"}
{"level":"warn","message":"{ url: '/images/', method: 'GET' }"}
{"level":"warn","message":"{ url: '/logout', method: 'GET' }"}
{"level":"error","message":"{ method: 'transporter.sendMail(message)', error: 'Can't send mail - all recipients were rejected: 553 5.7.1 <no-reply@site.com>: Sender address rejected: not owned by user mailsenderdev@soymss.com' }"}
{"level":"error","message":"{ method: 'transporter.sendMail(message)', error: 'Cannot read properties of undefined (reading 'to')' }"}
{"level":"error","message":"{ method: 'unlink()','Error: ENOENT: no such file or directory, unlink 'undefined'' }"}
{"level":"warn","message":"{ url: '/cart', method: 'GET' }"}
{"level":"warn","message":"{ url: '/cart', method: 'GET' }"}
{"level":"warn","message":"{ url: '/cart', method: 'GET' }"}
{"level":"warn","message":"{ url: '/products', method: 'GET' }"}
{"level":"warn","message":"{ url: '/products', method: 'GET' }"}
{"level":"warn","message":"{ url: '/...', method: 'GET' }"}
{"level":"warn","message":"{ url: '/...', method: 'GET' }"}
{"level":"warn","message":"{ url: '/...', method: 'GET' }"}
{"level":"warn","message":"{ url: '/...', method: 'GET' }"}
{"level":"warn","message":"{ url: '/...', method: 'GET' }"}
{"level":"warn","message":"{ url: '/...', method: 'GET' }"}
{"level":"warn","message":"{ url: '/...', method: 'GET' }"}
{"level":"error","message":"{ method: 'save(obj)', 'ValidationError: id: Path `id` is required.' }"}
{"level":"error","message":"{ method: '/cart', function: 'sendMail(undefined)', error: 'No recipients defined' }"}
{"level":"error","message":"{ method: '/cart', function: 'sendMail(marcossolis49@gmail.com)', error: 'No recipients defined' }"}
{"level":"error","message":"{ method: '/cart', function: 'sendMail(undefined)', error: 'No recipients defined' }"}
{"level":"error","message":"{ method: '/cart', function: 'sendMail(\"Dear undefined!!\" undefined)', error: 'No recipients defined' }"}
{"level":"warn","message":"{ url: '/favicon.ico', method: 'GET' }"}
{"level":"warn","message":"{ url: '/favicon.ico', method: 'GET' }"}
{"level":"warn","message":"{ url: '/favicon.ico', method: 'GET' }"}
{"level":"warn","message":"{ url: '/favicon.ico', method: 'GET' }"}
{"level":"warn","message":"{ url: '/favicon.ico', method: 'GET' }"}
{"level":"warn","message":"{ url: '/favicon.ico', method: 'GET' }"}
{"level":"warn","message":"{ url: '/favicon.ico', method: 'GET' }"}
{"level":"warn","message":"{ url: '/favicon.ico', method: 'GET' }"}
{"level":"warn","message":"{ url: '/favicon.ico', method: 'GET' }"}
{"level":"warn","message":"{ url: '/favicon.ico', method: 'GET' }"}
{"level":"warn","message":"{ url: '/favicon.ico', method: 'GET' }"}
{"level":"warn","message":"{ url: '/favicon.ico', method: 'GET' }"}
{"level":"warn","message":"{ url: '/favicon.ico', method: 'GET' }"}
{"level":"warn","message":"{ url: '/favicon.ico', method: 'GET' }"}
{"level":"warn","message":"{ url: '/favicon.ico', method: 'GET' }"}
{"level":"warn","message":"{ url: '/favicon.ico', method: 'GET' }"}
{"level":"warn","message":"{ url: '/favicon.ico', method: 'GET' }"}
{"level":"warn","message":"{ url: '/cart', method: 'GET' }"}
{"level":"warn","message":"{ url: '/favicon.ico', method: 'GET' }"}
{"level":"warn","message":"{ url: '/favicon.ico', method: 'GET' }"}
{"level":"warn","message":"{ url: '/favicon.ico', method: 'GET' }"}
{"level":"warn","message":"{ url: '/favicon.ico', method: 'GET' }"}
{"level":"warn","message":"{ url: '/favicon.ico', method: 'GET' }"}
{"level":"warn","message":"{ url: '/favicon.ico', method: 'GET' }"}
{"level":"warn","message":"{ url: '/favicon.ico', method: 'GET' }"}
{"level":"warn","message":"{ url: '/favicon.ico', method: 'GET' }"}
{"level":"warn","message":"{ url: '/favicon.ico', method: 'GET' }"}
{"level":"warn","message":"{ url: '/favicon.ico', method: 'GET' }"}
{"level":"warn","message":"{ url: '/favicon.ico', method: 'GET' }"}
{"level":"warn","message":"{ url: '/favicon.ico', method: 'GET' }"}
{"level":"warn","message":"{ url: '/favicon.ico', method: 'GET' }"}
{"level":"warn","message":"{ url: '/favicon.ico', method: 'GET' }"}
{"level":"warn","message":"{ url: '/favicon.ico', method: 'GET' }"}
{"level":"warn","message":"{ url: '/favicon.ico', method: 'GET' }"}
{"level":"warn","message":"{ url: '/favicon.ico', method: 'GET' }"}
{"level":"warn","message":"{ url: '/favicon.ico', method: 'GET' }"}
{"level":"warn","message":"{ url: '/images/icons/gear.png', method: 'GET' }"}
{"level":"warn","message":"{ url: '/favicon.ico', method: 'GET' }"}
{"level":"warn","message":"{ url: '/favicon.ico', method: 'GET' }"}
{"level":"warn","message":"{ url: '/favicon.ico', method: 'GET' }"}
{"level":"warn","message":"{ url: '/favicon.ico', method: 'GET' }"}
{"level":"warn","message":"{ url: '/favicon.ico', method: 'GET' }"}
{"level":"warn","message":"{ url: '/favicon.ico', method: 'GET' }"}
{"level":"warn","message":"{ url: '/favicon.ico', method: 'GET' }"}
{"level":"warn","message":"{ url: '/favicon.ico', method: 'GET' }"}
{"level":"warn","message":"{ url: '/favicon.ico', method: 'GET' }"}
{"level":"warn","message":"{ url: '/favicon.ico', method: 'GET' }"}
{"level":"warn","message":"{ url: '/favicon.ico', method: 'GET' }"}
{"level":"warn","message":"{ url: '/favicon.ico', method: 'GET' }"}
{"level":"warn","message":"{ url: '/favicon.ico', method: 'GET' }"}
{"level":"warn","message":"{ url: '/favicon.ico', method: 'GET' }"}
{"level":"error","message":"{ status: 500, route: 'GET  /cart', error: 'ReferenceError: listaProductos is not defined' }"}
{"level":"warn","message":"{ url: '/favicon.ico', method: 'GET' }"}
{"level":"warn","message":"{ url: '/favicon.ico', method: 'GET' }"}
{"level":"warn","message":"{ url: '/favicon.ico', method: 'GET' }"}
{"level":"warn","message":"{ url: '/favicon.ico', method: 'GET' }"}
{"level":"warn","message":"{ url: '/favicon.ico', method: 'GET' }"}
{"level":"warn","message":"{ url: '/favicon.ico', method: 'GET' }"}
{"level":"warn","message":"{ url: '/favicon.ico', method: 'GET' }"}
{"level":"warn","message":"{ url: '/favicon.ico', method: 'GET' }"}
{"level":"warn","message":"{ url: '/favicon.ico', method: 'GET' }"}
{"level":"warn","message":"{ url: '/favicon.ico', method: 'GET' }"}
{"level":"warn","message":"{ url: '/favicon.ico', method: 'GET' }"}
{"level":"warn","message":"{ url: '/favicon.ico', method: 'GET' }"}
{"level":"warn","message":"{ url: '/favicon.ico', method: 'GET' }"}
{"level":"warn","message":"{ url: '/favicon.ico', method: 'GET' }"}
{"level":"warn","message":"{ url: '/favicon.ico', method: 'GET' }"}
{"level":"warn","message":"{ url: '/logout', method: 'POST' }"}
{"level":"warn","message":"{ url: '/favicon.ico', method: 'GET' }"}
{"level":"warn","message":"{ url: '/favicon.ico', method: 'GET' }"}
{"level":"warn","message":"{ url: '/favicon.ico', method: 'GET' }"}
{"level":"warn","message":"{ url: '/favicon.ico', method: 'GET' }"}
{"level":"warn","message":"{ url: '/logout', method: 'POST' }"}
{"level":"warn","message":"{ url: '/favicon.ico', method: 'GET' }"}
{"level":"warn","message":"{ url: '/favicon.ico', method: 'GET' }"}
{"level":"warn","message":"{ url: '/favicon.ico', method: 'GET' }"}
{"level":"warn","message":"{ url: '/favicon.ico', method: 'GET' }"}
{"level":"warn","message":"{ url: '/favicon.ico', method: 'GET' }"}
{"level":"warn","message":"{ url: '/favicon.ico', method: 'GET' }"}
{"level":"warn","message":"{ url: '/favicon.ico', method: 'GET' }"}
{"level":"warn","message":"{ url: '/favicon.ico', method: 'GET' }"}
{"level":"warn","message":"{ url: '/favicon.ico', method: 'GET' }"}
{"level":"warn","message":"{ url: '/favicon.ico', method: 'GET' }"}
{"level":"warn","message":"{ url: '/favicon.ico', method: 'GET' }"}
{"level":"warn","message":"{ url: '/favicon.ico', method: 'GET' }"}
{"level":"warn","message":"{ url: '/favicon.ico', method: 'GET' }"}
{"level":"warn","message":"{ url: '/favicon.ico', method: 'GET' }"}
{"level":"warn","message":"{ url: '/favicon.ico', method: 'GET' }"}
{"level":"warn","message":"{ url: '/favicon.ico', method: 'GET' }"}
{"level":"warn","message":"{ url: '/favicon.ico', method: 'GET' }"}
{"level":"warn","message":"{ url: '/favicon.ico', method: 'GET' }"}
{"level":"warn","message":"{ url: '/favicon.ico', method: 'GET' }"}
{"level":"warn","message":"{ url: '/logout', method: 'POST' }"}
{"level":"warn","message":"{ url: '/favicon.ico', method: 'GET' }"}
{"level":"warn","message":"{ url: '/favicon.ico', method: 'GET' }"}
{"level":"warn","message":"{ url: '/favicon.ico', method: 'GET' }"}
{"level":"warn","message":"{ url: '/favicon.ico', method: 'GET' }"}
{"level":"warn","message":"{ url: '/favicon.ico', method: 'GET' }"}
{"level":"warn","message":"{ url: '/favicon.ico', method: 'GET' }"}
{"level":"warn","message":"{ url: '/favicon.ico', method: 'GET' }"}
{"level":"warn","message":"{ url: '/favicon.ico', method: 'GET' }"}
{"level":"warn","message":"{ url: '/favicon.ico', method: 'GET' }"}
{"level":"warn","message":"{ url: '/logout', method: 'POST' }"}
{"level":"warn","message":"{ url: '/favicon.ico', method: 'GET' }"}
{"level":"warn","message":"{ url: '/favicon.ico', method: 'GET' }"}
{"level":"warn","message":"{ url: '/favicon.ico', method: 'GET' }"}
{"level":"warn","message":"{ url: '/favicon.ico', method: 'GET' }"}
{"level":"warn","message":"{ url: '/logout', method: 'POST' }"}
{"level":"warn","message":"{ url: '/favicon.ico', method: 'GET' }"}
{"level":"warn","message":"{ url: '/favicon.ico', method: 'GET' }"}
{"level":"warn","message":"{ url: '/favicon.ico', method: 'GET' }"}
{"level":"error","message":"{ status: 500, route: 'GET  /', error: 'TypeError: Cannot read properties of undefined (reading 'user')' }"}
{"level":"warn","message":"{ url: '/images/icons/gear.png', method: 'GET' }"}
{"level":"warn","message":"{ url: '/favicon.ico', method: 'GET' }"}
{"level":"error","message":"{ status: 500, route: 'GET  /', error: 'TypeError: Cannot read properties of undefined (reading 'user')' }"}
{"level":"warn","message":"{ url: '/images/icons/gear.png', method: 'GET' }"}
{"level":"warn","message":"{ url: '/favicon.ico', method: 'GET' }"}
{"level":"error","message":"{ status: 500, route: 'GET  /', error: 'TypeError: Cannot read properties of undefined (reading 'user')' }"}
{"level":"warn","message":"{ url: '/images/icons/gear.png', method: 'GET' }"}
{"level":"warn","message":"{ url: '/favicon.ico', method: 'GET' }"}
{"level":"error","message":"{ status: 500, route: 'GET  /', error: 'ReferenceError: user is not defined' }"}
{"level":"warn","message":"{ url: '/images/icons/gear.png', method: 'GET' }"}
{"level":"warn","message":"{ url: '/favicon.ico', method: 'GET' }"}
{"level":"warn","message":"{ url: '/favicon.ico', method: 'GET' }"}
{"level":"warn","message":"{ url: '/favicon.ico', method: 'GET' }"}
{"level":"warn","message":"{ url: '/favicon.ico', method: 'GET' }"}
{"level":"warn","message":"{ url: '/favicon.ico', method: 'GET' }"}
{"level":"warn","message":"{ url: '/favicon.ico', method: 'GET' }"}
{"level":"warn","message":"{ url: '/favicon.ico', method: 'GET' }"}
{"level":"warn","message":"{ url: '/favicon.ico', method: 'GET' }"}
{"level":"error","message":"{ status: 500, route: 'GET  /', error: 'TypeError: Cannot read properties of undefined (reading 'user')' }"}
{"level":"warn","message":"{ url: '/images/icons/gear.png', method: 'GET' }"}
{"level":"warn","message":"{ url: '/favicon.ico', method: 'GET' }"}
{"level":"error","message":"{ status: 500, route: 'GET  /', error: 'TypeError: Cannot read properties of undefined (reading 'user')' }"}
{"level":"warn","message":"{ url: '/images/icons/gear.png', method: 'GET' }"}
{"level":"warn","message":"{ url: '/favicon.ico', method: 'GET' }"}
{"level":"warn","message":"{ url: '/favicon.ico', method: 'GET' }"}
{"level":"warn","message":"{ url: '/favicon.ico', method: 'GET' }"}
{"level":"warn","message":"{ url: '/favicon.ico', method: 'GET' }"}
{"level":"warn","message":"{ url: '/favicon.ico', method: 'GET' }"}
{"level":"warn","message":"{ url: '/favicon.ico', method: 'GET' }"}
{"level":"warn","message":"{ url: '/favicon.ico', method: 'GET' }"}
{"level":"warn","message":"{ url: '/favicon.ico', method: 'GET' }"}
{"level":"warn","message":"{ url: '/favicon.ico', method: 'GET' }"}
{"level":"error","message":"{ status: 500, route: 'GET  /cart', error: 'ReferenceError: listaProductos is not defined' }"}
{"level":"warn","message":"{ url: '/images/icons/gear.png', method: 'GET' }"}
{"level":"warn","message":"{ url: '/images/icons/gear.png', method: 'GET' }"}
{"level":"warn","message":"{ url: '/favicon.ico', method: 'GET' }"}
{"level":"warn","message":"{ url: '/favicon.ico', method: 'GET' }"}
{"level":"warn","message":"{ url: '/favicon.ico', method: 'GET' }"}
{"level":"warn","message":"{ url: '/favicon.ico', method: 'GET' }"}
{"level":"error","message":"{ status: 500, route: 'GET  /logout', error: 'ReferenceError: data is not defined' }"}
{"level":"warn","message":"{ url: '/images/icons/gear.png', method: 'GET' }"}
{"level":"warn","message":"{ url: '/favicon.ico', method: 'GET' }"}
{"level":"error","message":"{ status: 500, route: 'GET  /logout', error: 'ReferenceError: data is not defined' }"}
{"level":"warn","message":"{ url: '/images/icons/gear.png', method: 'GET' }"}
{"level":"warn","message":"{ url: '/favicon.ico', method: 'GET' }"}
{"level":"warn","message":"{ url: '/favicon.ico', method: 'GET' }"}
{"level":"warn","message":"{ url: '/favicon.ico', method: 'GET' }"}
{"level":"error","message":"{ status: 500, route: 'GET  /logout', error: 'ReferenceError: data is not defined' }"}
{"level":"warn","message":"{ url: '/images/icons/gear.png', method: 'GET' }"}
{"level":"warn","message":"{ url: '/favicon.ico', method: 'GET' }"}
{"level":"warn","message":"{ url: '/favicon.ico', method: 'GET' }"}
{"level":"warn","message":"{ url: '/favicon.ico', method: 'GET' }"}
{"level":"warn","message":"{ url: '/favicon.ico', method: 'GET' }"}
{"level":"warn","message":"{ url: '/favicon.ico', method: 'GET' }"}
{"level":"error","message":"{ status: 500, route: 'GET  /cart', error: 'ReferenceError: listaProductos is not defined' }"}
{"level":"warn","message":"{ url: '/images/icons/gear.png', method: 'GET' }"}
{"level":"warn","message":"{ url: '/favicon.ico', method: 'GET' }"}
{"level":"warn","message":"{ url: '/favicon.ico', method: 'GET' }"}
{"level":"warn","message":"{ url: '/favicon.ico', method: 'GET' }"}
{"level":"warn","message":"{ url: '/favicon.ico', method: 'GET' }"}
{"level":"warn","message":"{ url: '/favicon.ico', method: 'GET' }"}
{"level":"warn","message":"{ url: '/favicon.ico', method: 'GET' }"}
{"level":"warn","message":"{ url: '/apple-touch-icon-precomposed.png', method: 'GET' }"}
{"level":"warn","message":"{ url: '/apple-touch-icon.png', method: 'GET' }"}
{"level":"warn","message":"{ url: '/favicon.ico', method: 'GET' }"}
{"level":"warn","message":"{ url: '/apple-touch-icon-precomposed.png', method: 'GET' }"}
{"level":"warn","message":"{ url: '/apple-touch-icon.png', method: 'GET' }"}
{"level":"warn","message":"{ url: '/favicon.ico', method: 'GET' }"}
{"level":"warn","message":"{ url: '/apple-touch-icon-precomposed.png', method: 'GET' }"}
{"level":"warn","message":"{ url: '/apple-touch-icon.png', method: 'GET' }"}
{"level":"warn","message":"{ url: '/favicon.ico', method: 'GET' }"}
{"level":"warn","message":"{ url: '/apple-touch-icon-precomposed.png', method: 'GET' }"}
{"level":"warn","message":"{ url: '/apple-touch-icon.png', method: 'GET' }"}
{"level":"warn","message":"{ url: '/favicon.ico', method: 'GET' }"}
{"level":"warn","message":"{ url: '/apple-touch-icon-precomposed.png', method: 'GET' }"}
{"level":"warn","message":"{ url: '/apple-touch-icon.png', method: 'GET' }"}
{"level":"warn","message":"{ url: '/favicon.ico', method: 'GET' }"}
{"level":"warn","message":"{ url: '/favicon.ico', method: 'GET' }"}
{"level":"error","message":"{ status: 500, route: 'GET  /cart', error: 'ReferenceError: listaProductos is not defined' }"}
{"level":"warn","message":"{ url: '/favicon.ico', method: 'GET' }"}
{"level":"warn","message":"{ url: '/favicon.ico', method: 'GET' }"}
{"level":"error","message":"{ status: 500, route: 'GET  /cart', error: 'ReferenceError: res is not defined' }"}
{"level":"error","message":"{ status: 500, route: 'GET  /', error: 'Error [ERR_HTTP_HEADERS_SENT]: Cannot set headers after they are sent to the client' }"}
{"level":"error","message":"{ status: 500, route: 'GET  /', error: 'Error [ERR_HTTP_HEADERS_SENT]: Cannot set headers after they are sent to the client' }"}
{"level":"error","message":"{ status: 500, route: 'GET  /', error: 'Error [ERR_HTTP_HEADERS_SENT]: Cannot set headers after they are sent to the client' }"}
{"level":"error","message":"{ status: 500, route: 'GET  /', error: 'Error [ERR_HTTP_HEADERS_SENT]: Cannot set headers after they are sent to the client' }"}
{"level":"error","message":"{ status: 500, route: 'GET  /', error: 'Error [ERR_HTTP_HEADERS_SENT]: Cannot set headers after they are sent to the client' }"}
{"level":"error","message":"{ status: 500, route: 'GET  /', error: 'Error [ERR_HTTP_HEADERS_SENT]: Cannot set headers after they are sent to the client' }"}
{"level":"error","message":"{ status: 500, route: 'GET  /', error: 'Error [ERR_HTTP_HEADERS_SENT]: Cannot set headers after they are sent to the client' }"}
{"level":"error","message":"{ status: 500, route: 'GET  /', error: 'Error [ERR_HTTP_HEADERS_SENT]: Cannot set headers after they are sent to the client' }"}
{"level":"error","message":"{ status: 500, route: 'GET  /', error: 'Error [ERR_HTTP_HEADERS_SENT]: Cannot set headers after they are sent to the client' }"}
{"level":"error","message":"{ status: 500, route: 'GET  /', error: 'Error [ERR_HTTP_HEADERS_SENT]: Cannot set headers after they are sent to the client' }"}
{"level":"warn","message":"{ url: '/favicon.ico', method: 'GET' }"}
{"level":"error","message":"{ status: 500, route: 'GET  /home', error: 'TypeError: req.isAuthenticated is not a function' }"}
{"level":"error","message":"{ status: 500, route: 'GET  /logout', error: 'TypeError: Cannot read properties of undefined (reading 'user')' }"}
{"level":"error","message":"{ status: 500, route: 'POST  /register', error: 'TypeError: Cannot destructure property 'username' of 'req.body' as it is undefined.' }"}
{"level":"error","message":"{ status: 500, route: 'POST  /register', error: 'ReferenceError: generateHashPassword is not defined' }"}
{"level":"error","message":"{ status: 500, route: 'POST  /register', error: 'Error: data and salt arguments required' }"}
{"level":"error","message":"{ status: 500, route: 'POST  /register', error: 'Error: data and salt arguments required' }"}
{"level":"error","message":"{ status: 500, route: 'POST  /register', error: 'Error: data and salt arguments required' }"}
{"level":"error","message":"{ status: 500, route: 'POST  /register', error: 'Error: data and salt arguments required' }"}
{"level":"error","message":"{ status: 500, route: 'POST  /register', error: 'Error: data and salt arguments required' }"}
{"level":"error","message":"{ status: 500, route: 'POST  /register', error: 'Error: data and salt arguments required' }"}
{"level":"error","message":"{ status: 500, route: 'POST  /register', error: 'ReferenceError: data is not defined' }"}
{"level":"warn","message":"{ url: '/login', method: 'POST' }"}
{"level":"error","message":"{ status: 500, route: 'GET  /home', error: 'TypeError: Cannot read properties of undefined (reading 'user')' }"}
{"level":"error","message":"{ status: 500, route: 'GET  /home', error: 'TypeError: Cannot read properties of undefined (reading 'user')' }"}
{"level":"warn","message":"{ url: '/login', method: 'POST' }"}
{"level":"error","message":"{ error: 'ValidationError: userImg: Path `userImg` is required.' }"}
{"level":"error","message":"{ error: 'ValidationError: userImg: Path `userImg` is required.' }"}
{"level":"error","message":"{ error: 'ValidationError: userImg: Path `userImg` is required.' }"}
{"level":"error","message":"{ error: 'ValidationError: userImg: Path `userImg` is required.' }"}
{"level":"error","message":"{ status: 500, route: 'GET  /login', error: 'Error: No default engine was specified and no extension was provided.' }"}
{"level":"error","message":"{ status: 500, route: 'GET  /login', error: 'Error: No default engine was specified and no extension was provided.' }"}
{"level":"error","message":"{ status: 500, route: 'GET  /login', error: 'Error: No default engine was specified and no extension was provided.' }"}
{"level":"error","message":"{ status: 500, route: 'GET  /login', error: 'Error: No default engine was specified and no extension was provided.' }"}
{"level":"error","message":"{ status: 500, route: 'GET  /login', error: 'Error: No default engine was specified and no extension was provided.' }"}
{"level":"error","message":"{ status: 500, route: 'GET  /login', error: 'Error: No default engine was specified and no extension was provided.' }"}
{"level":"error","message":"{ status: 500, route: 'GET  /login', error: 'Error: No default engine was specified and no extension was provided.' }"}
{"level":"error","message":"{ status: 500, route: 'GET  /login', error: 'Error: No default engine was specified and no extension was provided.' }"}
{"level":"error","message":"{ status: 500, route: 'GET  /login', error: 'Error: No default engine was specified and no extension was provided.' }"}
{"level":"error","message":"{ status: 500, route: 'GET  /login', error: 'Error: No default engine was specified and no extension was provided.' }"}
{"level":"error","message":"{ status: 500, route: 'GET  /login', error: 'Error: No default engine was specified and no extension was provided.' }"}
{"level":"error","message":"{ status: 500, route: 'GET  /login', error: 'Error: No default engine was specified and no extension was provided.' }"}
{"level":"error","message":"{ status: 500, route: 'GET  /login', error: 'Error: No default engine was specified and no extension was provided.' }"}
{"level":"error","message":"{ status: 500, route: 'GET  /login', error: 'Error: No default engine was specified and no extension was provided.' }"}
{"level":"error","message":"{ status: 500, route: 'GET  /login', error: 'Error: No default engine was specified and no extension was provided.' }"}
{"level":"error","message":"{ status: 500, route: 'GET  /login', error: 'Error: No default engine was specified and no extension was provided.' }"}
{"level":"error","message":"{ status: 500, route: 'GET  /login', Error: 'No default engine was specified and no extension was provided.' }"}
{"level":"error","message":"{ status: 500, route: 'GET  /login', Error: 'No default engine was specified and no extension was provided.' }"}
{"level":"error","message":"{ status: 500, route: 'GET  /login', Error: 'No default engine was specified and no extension was provided.' }"}
{"level":"error","message":"{ status: 500, route: 'GET  /login', Error: 'No default engine was specified and no extension was provided.' }"}
{"level":"error","message":"{ status: 500, route: 'GET  /login', Error: 'No default engine was specified and no extension was provided.' }"}
{"level":"error","message":"{ status: 500, route: 'GET  /login', Error: 'No default engine was specified and no extension was provided.' }"}
{"level":"error","message":"{ status: 500, route: 'GET  /login', Error: 'No default engine was specified and no extension was provided.' }"}
{"level":"error","message":"{ status: 500, route: 'GET  /login', Error: 'No default engine was specified and no extension was provided.' }"}
{"level":"error","message":"{ status: 500, route: 'GET  /login', Error: 'No default engine was specified and no extension was provided.' }"}
{"level":"error","message":"{ status: 500, route: 'GET  /login', Error: 'No default engine was specified and no extension was provided.' }"}
{"level":"error","message":"{ status: 500, route: 'GET  /login', error: 'No default engine was specified and no extension was provided.' }"}
{"level":"error","message":"{ status: 500, route: 'GET  /login', error: 'No default engine was specified and no extension was provided.' }"}
{"level":"error","message":"{ status: 500, route: 'GET  /login', referenceerror: 'data is not defined' }"}
{"level":"error","message":"{ status: 500, route: 'GET  /login', referenceerror: 'data is not defined' }"}
{"level":"error","message":"{ status: 500, route: 'GET  /login', referenceerror: 'data is not defined' }"}
{"level":"error","message":"{ status: 500, route: 'GET  /login', ReferenceError: 'data is not defined' }"}
{"level":"error","message":"{ status: 500, route: 'GET  /register', Error: 'No default engine was specified and no extension was provided.' }"}
{"level":"warn","message":"{ url: '/login', method: 'GET' }"}
{"level":"warn","message":"{ url: '/login', method: 'GET' }"}
{"level":"warn","message":"{ url: '/js/register.js', method: 'GET' }"}
{"level":"warn","message":"{ url: '/login', method: 'GET' }"}
{"level":"warn","message":"{ url: '/js/register.js', method: 'GET' }"}
{"level":"warn","message":"{ url: '/js/register.js', method: 'GET' }"}
{"level":"warn","message":"{ url: '/login', method: 'GET' }"}
{"level":"warn","message":"{ url: '/login', method: 'GET' }"}
{"level":"error","message":"{ status: 500, route: 'GET  /login', Error: 'No default engine was specified and no extension was provided.' }"}
{"level":"warn","message":"{ url: '/api/v1/productos', method: 'GET' }"}
{"level":"warn","message":"{ url: '/templates/prod_table.hbs', method: 'GET' }"}
{"level":"warn","message":"{ url: '/api/v1/productos', method: 'GET' }"}
{"level":"warn","message":"{ url: '/templates/prod_table.hbs', method: 'GET' }"}
{"level":"warn","message":"{ url: '/templates/prod_table.hbs', method: 'GET' }"}
{"level":"warn","message":"{ url: '/js/cart.js', method: 'GET' }"}
{"level":"error","message":"{ status: 500, route: 'GET  /home', TypeError: 'Cannot read properties of undefined (reading 'user')' }"}
{"level":"error","message":"{ status: 500, route: 'GET  /home', TypeError: 'Cannot read properties of undefined (reading 'user')' }"}
{"level":"error","message":"{ status: 500, route: 'GET  /home', TypeError: 'Cannot read properties of undefined (reading 'user')' }"}
{"level":"error","message":"{ status: 500, route: 'GET  /home', TypeError: 'Cannot read properties of undefined (reading 'user')' }"}
{"level":"error","message":"{ status: 500, route: 'GET  /home', TypeError: 'Cannot read properties of undefined (reading 'user')' }"}
{"level":"error","message":"{ status: 500, route: 'GET  /home', ReferenceError: 'Cannot access 'name' before initialization' }"}
{"level":"error","message":"{ status: 500, route: 'GET  /home', TypeError: 'Cannot read properties of undefined (reading 'user')' }"}
{"level":"warn","message":"{ url: '/favicon.ico', method: 'GET' }"}
